2025-11-07 00:27:57,987 CRIT Supervisor is running as root.  Privileges were not dropped because no user is specified in the config file.  If you intend to run as root, you can set user=root in the config file to avoid this message.
2025-11-07 00:27:57,994 INFO supervisord started with pid 1
2025-11-07 00:27:59,002 INFO spawned: 'nginx' with pid 7
2025-11-07 00:27:59,010 INFO spawned: 'php-fpm' with pid 8
2025-11-07 00:28:00,121 INFO success: nginx entered RUNNING state, process has stayed up for > than 1 seconds (startsecs)
2025-11-07 00:28:00,125 INFO success: php-fpm entered RUNNING state, process has stayed up for > than 1 seconds (startsecs)
2025-11-07 01:18:04,296 WARN received SIGQUIT indicating exit request
2025-11-07 01:18:04,314 INFO waiting for nginx, php-fpm to die
2025-11-07 01:18:42,516 CRIT Supervisor is running as root.  Privileges were not dropped because no user is specified in the config file.  If you intend to run as root, you can set user=root in the config file to avoid this message.
2025-11-07 01:18:42,527 INFO supervisord started with pid 1
2025-11-07 01:18:43,533 INFO spawned: 'nginx' with pid 7
2025-11-07 01:18:43,540 INFO spawned: 'php-fpm' with pid 8
2025-11-07 01:18:44,753 INFO success: nginx entered RUNNING state, process has stayed up for > than 1 seconds (startsecs)
2025-11-07 01:18:44,754 INFO success: php-fpm entered RUNNING state, process has stayed up for > than 1 seconds (startsecs)
2025-11-07 01:21:58,750 WARN received SIGQUIT indicating exit request
2025-11-07 01:21:58,754 INFO waiting for nginx, php-fpm to die
2025-11-07 01:21:58,792 INFO stopped: php-fpm (exit status 0)
2025-11-07 01:21:58,805 INFO stopped: nginx (exit status 0)
2025-11-07 01:22:48,483 CRIT Supervisor is running as root.  Privileges were not dropped because no user is specified in the config file.  If you intend to run as root, you can set user=root in the config file to avoid this message.
2025-11-07 01:22:48,490 INFO supervisord started with pid 1
2025-11-07 01:22:49,498 INFO spawned: 'nginx' with pid 8
2025-11-07 01:22:49,506 INFO spawned: 'php-fpm' with pid 9
2025-11-07 01:22:50,581 INFO success: nginx entered RUNNING state, process has stayed up for > than 1 seconds (startsecs)
2025-11-07 01:22:50,583 INFO success: php-fpm entered RUNNING state, process has stayed up for > than 1 seconds (startsecs)
2025-11-07 01:29:56,814 WARN received SIGQUIT indicating exit request
2025-11-07 01:29:56,817 INFO waiting for nginx, php-fpm to die
2025-11-07 01:29:56,830 INFO stopped: php-fpm (exit status 0)
2025-11-07 01:29:56,843 INFO stopped: nginx (exit status 0)
